#-----------------------------------------------------------
# Vivado v2021.1 (64-bit)
# SW Build 3247384 on Thu Jun 10 19:36:33 MDT 2021
# IP Build 3246043 on Fri Jun 11 00:30:35 MDT 2021
# Start of session at: Thu Jul  8 23:56:36 2021
# Process ID: 7256
# Current directory: E:/buptriscv
# Command line: vivado.exe -gui_launcher_event rodinguilauncherevent11428 E:\buptriscv\buptriscv.xpr
# Log file: E:/buptriscv/vivado.log
# Journal file: E:/buptriscv\vivado.jou
#-----------------------------------------------------------
start_gui
open_project E:/buptriscv/buptriscv.xpr
CRITICAL WARNING: [Project 1-19] Could not find the file 'E:/../Documents/Tencent Files/751813436/FileRecv/IE.v'.
CRITICAL WARNING: [Project 1-19] Could not find the file 'E:/../Documents/Tencent Files/751813436/FileRecv/okkk.v'.
Scanning sources...
Finished scanning sources
INFO: [IP_Flow 19-234] Refreshing IP repositories
INFO: [IP_Flow 19-1704] No user IP repositories specified
INFO: [IP_Flow 19-2313] Loaded Vivado IP repository 'D:/Xilinx/Vivado/2021.1/data/ip'.
WARNING: [IP_Flow 19-3664] IP 'ddr3_mem' generated file not found 'e:AppData/Roaming/Xilinx/Vivado/.Xil/Vivado-16040-DESKTOP-IMRPLSV/coregen/ddr3_mem/ddr3_mem.veo'. Please regenerate to continue.
WARNING: [IP_Flow 19-3664] IP 'ddr3_mem' generated file not found 'e:AppData/Roaming/Xilinx/Vivado/.Xil/Vivado-16040-DESKTOP-IMRPLSV/coregen/ddr3_mem/ddr3_mem/user_design/rtl/clocking/mig_7series_v4_2_clk_ibuf.v'. Please regenerate to continue.
WARNING: [IP_Flow 19-3664] IP 'ddr3_mem' generated file not found 'e:AppData/Roaming/Xilinx/Vivado/.Xil/Vivado-16040-DESKTOP-IMRPLSV/coregen/ddr3_mem/ddr3_mem/user_design/rtl/clocking/mig_7series_v4_2_infrastructure.v'. Please regenerate to continue.
WARNING: [IP_Flow 19-3664] IP 'ddr3_mem' generated file not found 'e:AppData/Roaming/Xilinx/Vivado/.Xil/Vivado-16040-DESKTOP-IMRPLSV/coregen/ddr3_mem/ddr3_mem/user_design/rtl/clocking/mig_7series_v4_2_iodelay_ctrl.v'. Please regenerate to continue.
WARNING: [IP_Flow 19-3664] IP 'ddr3_mem' generated file not found 'e:AppData/Roaming/Xilinx/Vivado/.Xil/Vivado-16040-DESKTOP-IMRPLSV/coregen/ddr3_mem/ddr3_mem/user_design/rtl/clocking/mig_7series_v4_2_tempmon.v'. Please regenerate to continue.
WARNING: [IP_Flow 19-3664] IP 'ddr3_mem' generated file not found 'e:AppData/Roaming/Xilinx/Vivado/.Xil/Vivado-16040-DESKTOP-IMRPLSV/coregen/ddr3_mem/ddr3_mem/user_design/rtl/controller/mig_7series_v4_2_arb_mux.v'. Please regenerate to continue.
WARNING: [IP_Flow 19-3664] IP 'ddr3_mem' generated file not found 'e:AppData/Roaming/Xilinx/Vivado/.Xil/Vivado-16040-DESKTOP-IMRPLSV/coregen/ddr3_mem/ddr3_mem/user_design/rtl/controller/mig_7series_v4_2_arb_row_col.v'. Please regenerate to continue.
WARNING: [IP_Flow 19-3664] IP 'ddr3_mem' generated file not found 'e:AppData/Roaming/Xilinx/Vivado/.Xil/Vivado-16040-DESKTOP-IMRPLSV/coregen/ddr3_mem/ddr3_mem/user_design/rtl/controller/mig_7series_v4_2_arb_select.v'. Please regenerate to continue.
WARNING: [IP_Flow 19-3664] IP 'ddr3_mem' generated file not found 'e:AppData/Roaming/Xilinx/Vivado/.Xil/Vivado-16040-DESKTOP-IMRPLSV/coregen/ddr3_mem/ddr3_mem/user_design/rtl/controller/mig_7series_v4_2_bank_cntrl.v'. Please regenerate to continue.
WARNING: [IP_Flow 19-3664] IP 'ddr3_mem' generated file not found 'e:AppData/Roaming/Xilinx/Vivado/.Xil/Vivado-16040-DESKTOP-IMRPLSV/coregen/ddr3_mem/ddr3_mem/user_design/rtl/controller/mig_7series_v4_2_bank_common.v'. Please regenerate to continue.
WARNING: [IP_Flow 19-3664] IP 'ddr3_mem' generated file not found 'e:AppData/Roaming/Xilinx/Vivado/.Xil/Vivado-16040-DESKTOP-IMRPLSV/coregen/ddr3_mem/ddr3_mem/user_design/rtl/controller/mig_7series_v4_2_bank_compare.v'. Please regenerate to continue.
WARNING: [IP_Flow 19-3664] IP 'ddr3_mem' generated file not found 'e:AppData/Roaming/Xilinx/Vivado/.Xil/Vivado-16040-DESKTOP-IMRPLSV/coregen/ddr3_mem/ddr3_mem/user_design/rtl/controller/mig_7series_v4_2_bank_mach.v'. Please regenerate to continue.
WARNING: [IP_Flow 19-3664] IP 'ddr3_mem' generated file not found 'e:AppData/Roaming/Xilinx/Vivado/.Xil/Vivado-16040-DESKTOP-IMRPLSV/coregen/ddr3_mem/ddr3_mem/user_design/rtl/controller/mig_7series_v4_2_bank_queue.v'. Please regenerate to continue.
WARNING: [IP_Flow 19-3664] IP 'ddr3_mem' generated file not found 'e:AppData/Roaming/Xilinx/Vivado/.Xil/Vivado-16040-DESKTOP-IMRPLSV/coregen/ddr3_mem/ddr3_mem/user_design/rtl/controller/mig_7series_v4_2_bank_state.v'. Please regenerate to continue.
WARNING: [IP_Flow 19-3664] IP 'ddr3_mem' generated file not found 'e:AppData/Roaming/Xilinx/Vivado/.Xil/Vivado-16040-DESKTOP-IMRPLSV/coregen/ddr3_mem/ddr3_mem/user_design/rtl/controller/mig_7series_v4_2_col_mach.v'. Please regenerate to continue.
WARNING: [IP_Flow 19-3664] IP 'ddr3_mem' generated file not found 'e:AppData/Roaming/Xilinx/Vivado/.Xil/Vivado-16040-DESKTOP-IMRPLSV/coregen/ddr3_mem/ddr3_mem/user_design/rtl/controller/mig_7series_v4_2_mc.v'. Please regenerate to continue.
WARNING: [IP_Flow 19-3664] IP 'ddr3_mem' generated file not found 'e:AppData/Roaming/Xilinx/Vivado/.Xil/Vivado-16040-DESKTOP-IMRPLSV/coregen/ddr3_mem/ddr3_mem/user_design/rtl/controller/mig_7series_v4_2_rank_cntrl.v'. Please regenerate to continue.
WARNING: [IP_Flow 19-3664] IP 'ddr3_mem' generated file not found 'e:AppData/Roaming/Xilinx/Vivado/.Xil/Vivado-16040-DESKTOP-IMRPLSV/coregen/ddr3_mem/ddr3_mem/user_design/rtl/controller/mig_7series_v4_2_rank_common.v'. Please regenerate to continue.
WARNING: [IP_Flow 19-3664] IP 'ddr3_mem' generated file not found 'e:AppData/Roaming/Xilinx/Vivado/.Xil/Vivado-16040-DESKTOP-IMRPLSV/coregen/ddr3_mem/ddr3_mem/user_design/rtl/controller/mig_7series_v4_2_rank_mach.v'. Please regenerate to continue.
WARNING: [IP_Flow 19-3664] IP 'ddr3_mem' generated file not found 'e:AppData/Roaming/Xilinx/Vivado/.Xil/Vivado-16040-DESKTOP-IMRPLSV/coregen/ddr3_mem/ddr3_mem/user_design/rtl/controller/mig_7series_v4_2_round_robin_arb.v'. Please regenerate to continue.
WARNING: [IP_Flow 19-3664] IP 'ddr3_mem' generated file not found 'e:AppData/Roaming/Xilinx/Vivado/.Xil/Vivado-16040-DESKTOP-IMRPLSV/coregen/ddr3_mem/ddr3_mem/user_design/rtl/ecc/mig_7series_v4_2_ecc_buf.v'. Please regenerate to continue.
WARNING: [IP_Flow 19-3664] IP 'ddr3_mem' generated file not found 'e:AppData/Roaming/Xilinx/Vivado/.Xil/Vivado-16040-DESKTOP-IMRPLSV/coregen/ddr3_mem/ddr3_mem/user_design/rtl/ecc/mig_7series_v4_2_ecc_dec_fix.v'. Please regenerate to continue.
WARNING: [IP_Flow 19-3664] IP 'ddr3_mem' generated file not found 'e:AppData/Roaming/Xilinx/Vivado/.Xil/Vivado-16040-DESKTOP-IMRPLSV/coregen/ddr3_mem/ddr3_mem/user_design/rtl/ecc/mig_7series_v4_2_ecc_gen.v'. Please regenerate to continue.
WARNING: [IP_Flow 19-3664] IP 'ddr3_mem' generated file not found 'e:AppData/Roaming/Xilinx/Vivado/.Xil/Vivado-16040-DESKTOP-IMRPLSV/coregen/ddr3_mem/ddr3_mem/user_design/rtl/ecc/mig_7series_v4_2_ecc_merge_enc.v'. Please regenerate to continue.
WARNING: [IP_Flow 19-3664] IP 'ddr3_mem' generated file not found 'e:AppData/Roaming/Xilinx/Vivado/.Xil/Vivado-16040-DESKTOP-IMRPLSV/coregen/ddr3_mem/ddr3_mem/user_design/rtl/ecc/mig_7series_v4_2_fi_xor.v'. Please regenerate to continue.
WARNING: [IP_Flow 19-3664] IP 'ddr3_mem' generated file not found 'e:AppData/Roaming/Xilinx/Vivado/.Xil/Vivado-16040-DESKTOP-IMRPLSV/coregen/ddr3_mem/ddr3_mem/user_design/rtl/ip_top/mig_7series_v4_2_memc_ui_top_std.v'. Please regenerate to continue.
WARNING: [IP_Flow 19-3664] IP 'ddr3_mem' generated file not found 'e:AppData/Roaming/Xilinx/Vivado/.Xil/Vivado-16040-DESKTOP-IMRPLSV/coregen/ddr3_mem/ddr3_mem/user_design/rtl/ip_top/mig_7series_v4_2_mem_intfc.v'. Please regenerate to continue.
WARNING: [IP_Flow 19-3664] IP 'ddr3_mem' generated file not found 'e:AppData/Roaming/Xilinx/Vivado/.Xil/Vivado-16040-DESKTOP-IMRPLSV/coregen/ddr3_mem/ddr3_mem/user_design/rtl/phy/mig_7series_v4_2_ddr_byte_group_io.v'. Please regenerate to continue.
WARNING: [IP_Flow 19-3664] IP 'ddr3_mem' generated file not found 'e:AppData/Roaming/Xilinx/Vivado/.Xil/Vivado-16040-DESKTOP-IMRPLSV/coregen/ddr3_mem/ddr3_mem/user_design/rtl/phy/mig_7series_v4_2_ddr_byte_lane.v'. Please regenerate to continue.
WARNING: [IP_Flow 19-3664] IP 'ddr3_mem' generated file not found 'e:AppData/Roaming/Xilinx/Vivado/.Xil/Vivado-16040-DESKTOP-IMRPLSV/coregen/ddr3_mem/ddr3_mem/user_design/rtl/phy/mig_7series_v4_2_ddr_calib_top.v'. Please regenerate to continue.
WARNING: [IP_Flow 19-3664] IP 'ddr3_mem' generated file not found 'e:AppData/Roaming/Xilinx/Vivado/.Xil/Vivado-16040-DESKTOP-IMRPLSV/coregen/ddr3_mem/ddr3_mem/user_design/rtl/phy/mig_7series_v4_2_ddr_if_post_fifo.v'. Please regenerate to continue.
WARNING: [IP_Flow 19-3664] IP 'ddr3_mem' generated file not found 'e:AppData/Roaming/Xilinx/Vivado/.Xil/Vivado-16040-DESKTOP-IMRPLSV/coregen/ddr3_mem/ddr3_mem/user_design/rtl/phy/mig_7series_v4_2_ddr_mc_phy.v'. Please regenerate to continue.
WARNING: [IP_Flow 19-3664] IP 'ddr3_mem' generated file not found 'e:AppData/Roaming/Xilinx/Vivado/.Xil/Vivado-16040-DESKTOP-IMRPLSV/coregen/ddr3_mem/ddr3_mem/user_design/rtl/phy/mig_7series_v4_2_ddr_mc_phy_wrapper.v'. Please regenerate to continue.
WARNING: [IP_Flow 19-3664] IP 'ddr3_mem' generated file not found 'e:AppData/Roaming/Xilinx/Vivado/.Xil/Vivado-16040-DESKTOP-IMRPLSV/coregen/ddr3_mem/ddr3_mem/user_design/rtl/phy/mig_7series_v4_2_ddr_of_pre_fifo.v'. Please regenerate to continue.
WARNING: [IP_Flow 19-3664] IP 'ddr3_mem' generated file not found 'e:AppData/Roaming/Xilinx/Vivado/.Xil/Vivado-16040-DESKTOP-IMRPLSV/coregen/ddr3_mem/ddr3_mem/user_design/rtl/phy/mig_7series_v4_2_ddr_phy_4lanes.v'. Please regenerate to continue.
WARNING: [IP_Flow 19-3664] IP 'ddr3_mem' generated file not found 'e:AppData/Roaming/Xilinx/Vivado/.Xil/Vivado-16040-DESKTOP-IMRPLSV/coregen/ddr3_mem/ddr3_mem/user_design/rtl/phy/mig_7series_v4_2_ddr_phy_ck_addr_cmd_delay.v'. Please regenerate to continue.
WARNING: [IP_Flow 19-3664] IP 'ddr3_mem' generated file not found 'e:AppData/Roaming/Xilinx/Vivado/.Xil/Vivado-16040-DESKTOP-IMRPLSV/coregen/ddr3_mem/ddr3_mem/user_design/rtl/phy/mig_7series_v4_2_ddr_phy_dqs_found_cal.v'. Please regenerate to continue.
WARNING: [IP_Flow 19-3664] IP 'ddr3_mem' generated file not found 'e:AppData/Roaming/Xilinx/Vivado/.Xil/Vivado-16040-DESKTOP-IMRPLSV/coregen/ddr3_mem/ddr3_mem/user_design/rtl/phy/mig_7series_v4_2_ddr_phy_dqs_found_cal_hr.v'. Please regenerate to continue.
WARNING: [IP_Flow 19-3664] IP 'ddr3_mem' generated file not found 'e:AppData/Roaming/Xilinx/Vivado/.Xil/Vivado-16040-DESKTOP-IMRPLSV/coregen/ddr3_mem/ddr3_mem/user_design/rtl/phy/mig_7series_v4_2_ddr_phy_init.v'. Please regenerate to continue.
WARNING: [IP_Flow 19-3664] IP 'ddr3_mem' generated file not found 'e:AppData/Roaming/Xilinx/Vivado/.Xil/Vivado-16040-DESKTOP-IMRPLSV/coregen/ddr3_mem/ddr3_mem/user_design/rtl/phy/mig_7series_v4_2_ddr_phy_ocd_cntlr.v'. Please regenerate to continue.
WARNING: [IP_Flow 19-3664] IP 'ddr3_mem' generated file not found 'e:AppData/Roaming/Xilinx/Vivado/.Xil/Vivado-16040-DESKTOP-IMRPLSV/coregen/ddr3_mem/ddr3_mem/user_design/rtl/phy/mig_7series_v4_2_ddr_phy_ocd_data.v'. Please regenerate to continue.
WARNING: [IP_Flow 19-3664] IP 'ddr3_mem' generated file not found 'e:AppData/Roaming/Xilinx/Vivado/.Xil/Vivado-16040-DESKTOP-IMRPLSV/coregen/ddr3_mem/ddr3_mem/user_design/rtl/phy/mig_7series_v4_2_ddr_phy_ocd_edge.v'. Please regenerate to continue.
WARNING: [IP_Flow 19-3664] IP 'ddr3_mem' generated file not found 'e:AppData/Roaming/Xilinx/Vivado/.Xil/Vivado-16040-DESKTOP-IMRPLSV/coregen/ddr3_mem/ddr3_mem/user_design/rtl/phy/mig_7series_v4_2_ddr_phy_ocd_lim.v'. Please regenerate to continue.
WARNING: [IP_Flow 19-3664] IP 'ddr3_mem' generated file not found 'e:AppData/Roaming/Xilinx/Vivado/.Xil/Vivado-16040-DESKTOP-IMRPLSV/coregen/ddr3_mem/ddr3_mem/user_design/rtl/phy/mig_7series_v4_2_ddr_phy_ocd_mux.v'. Please regenerate to continue.
WARNING: [IP_Flow 19-3664] IP 'ddr3_mem' generated file not found 'e:AppData/Roaming/Xilinx/Vivado/.Xil/Vivado-16040-DESKTOP-IMRPLSV/coregen/ddr3_mem/ddr3_mem/user_design/rtl/phy/mig_7series_v4_2_ddr_phy_ocd_po_cntlr.v'. Please regenerate to continue.
WARNING: [IP_Flow 19-3664] IP 'ddr3_mem' generated file not found 'e:AppData/Roaming/Xilinx/Vivado/.Xil/Vivado-16040-DESKTOP-IMRPLSV/coregen/ddr3_mem/ddr3_mem/user_design/rtl/phy/mig_7series_v4_2_ddr_phy_ocd_samp.v'. Please regenerate to continue.
WARNING: [IP_Flow 19-3664] IP 'ddr3_mem' generated file not found 'e:AppData/Roaming/Xilinx/Vivado/.Xil/Vivado-16040-DESKTOP-IMRPLSV/coregen/ddr3_mem/ddr3_mem/user_design/rtl/phy/mig_7series_v4_2_ddr_phy_oclkdelay_cal.v'. Please regenerate to continue.
WARNING: [IP_Flow 19-3664] IP 'ddr3_mem' generated file not found 'e:AppData/Roaming/Xilinx/Vivado/.Xil/Vivado-16040-DESKTOP-IMRPLSV/coregen/ddr3_mem/ddr3_mem/user_design/rtl/phy/mig_7series_v4_2_ddr_phy_prbs_rdlvl.v'. Please regenerate to continue.
WARNING: [IP_Flow 19-3664] IP 'ddr3_mem' generated file not found 'e:AppData/Roaming/Xilinx/Vivado/.Xil/Vivado-16040-DESKTOP-IMRPLSV/coregen/ddr3_mem/ddr3_mem/user_design/rtl/phy/mig_7series_v4_2_ddr_phy_rdlvl.v'. Please regenerate to continue.
WARNING: [IP_Flow 19-3664] IP 'ddr3_mem' generated file not found 'e:AppData/Roaming/Xilinx/Vivado/.Xil/Vivado-16040-DESKTOP-IMRPLSV/coregen/ddr3_mem/ddr3_mem/user_design/rtl/phy/mig_7series_v4_2_ddr_phy_tempmon.v'. Please regenerate to continue.
WARNING: [IP_Flow 19-3664] IP 'ddr3_mem' generated file not found 'e:AppData/Roaming/Xilinx/Vivado/.Xil/Vivado-16040-DESKTOP-IMRPLSV/coregen/ddr3_mem/ddr3_mem/user_design/rtl/phy/mig_7series_v4_2_ddr_phy_top.v'. Please regenerate to continue.
WARNING: [IP_Flow 19-3664] IP 'ddr3_mem' generated file not found 'e:AppData/Roaming/Xilinx/Vivado/.Xil/Vivado-16040-DESKTOP-IMRPLSV/coregen/ddr3_mem/ddr3_mem/user_design/rtl/phy/mig_7series_v4_2_ddr_phy_wrcal.v'. Please regenerate to continue.
WARNING: [IP_Flow 19-3664] IP 'ddr3_mem' generated file not found 'e:AppData/Roaming/Xilinx/Vivado/.Xil/Vivado-16040-DESKTOP-IMRPLSV/coregen/ddr3_mem/ddr3_mem/user_design/rtl/phy/mig_7series_v4_2_ddr_phy_wrlvl.v'. Please regenerate to continue.
WARNING: [IP_Flow 19-3664] IP 'ddr3_mem' generated file not found 'e:AppData/Roaming/Xilinx/Vivado/.Xil/Vivado-16040-DESKTOP-IMRPLSV/coregen/ddr3_mem/ddr3_mem/user_design/rtl/phy/mig_7series_v4_2_ddr_phy_wrlvl_off_delay.v'. Please regenerate to continue.
WARNING: [IP_Flow 19-3664] IP 'ddr3_mem' generated file not found 'e:AppData/Roaming/Xilinx/Vivado/.Xil/Vivado-16040-DESKTOP-IMRPLSV/coregen/ddr3_mem/ddr3_mem/user_design/rtl/phy/mig_7series_v4_2_ddr_prbs_gen.v'. Please regenerate to continue.
WARNING: [IP_Flow 19-3664] IP 'ddr3_mem' generated file not found 'e:AppData/Roaming/Xilinx/Vivado/.Xil/Vivado-16040-DESKTOP-IMRPLSV/coregen/ddr3_mem/ddr3_mem/user_design/rtl/phy/mig_7series_v4_2_ddr_skip_calib_tap.v'. Please regenerate to continue.
WARNING: [IP_Flow 19-3664] IP 'ddr3_mem' generated file not found 'e:AppData/Roaming/Xilinx/Vivado/.Xil/Vivado-16040-DESKTOP-IMRPLSV/coregen/ddr3_mem/ddr3_mem/user_design/rtl/phy/mig_7series_v4_2_poc_cc.v'. Please regenerate to continue.
WARNING: [IP_Flow 19-3664] IP 'ddr3_mem' generated file not found 'e:AppData/Roaming/Xilinx/Vivado/.Xil/Vivado-16040-DESKTOP-IMRPLSV/coregen/ddr3_mem/ddr3_mem/user_design/rtl/phy/mig_7series_v4_2_poc_edge_store.v'. Please regenerate to continue.
WARNING: [IP_Flow 19-3664] IP 'ddr3_mem' generated file not found 'e:AppData/Roaming/Xilinx/Vivado/.Xil/Vivado-16040-DESKTOP-IMRPLSV/coregen/ddr3_mem/ddr3_mem/user_design/rtl/phy/mig_7series_v4_2_poc_meta.v'. Please regenerate to continue.
WARNING: [IP_Flow 19-3664] IP 'ddr3_mem' generated file not found 'e:AppData/Roaming/Xilinx/Vivado/.Xil/Vivado-16040-DESKTOP-IMRPLSV/coregen/ddr3_mem/ddr3_mem/user_design/rtl/phy/mig_7series_v4_2_poc_pd.v'. Please regenerate to continue.
WARNING: [IP_Flow 19-3664] IP 'ddr3_mem' generated file not found 'e:AppData/Roaming/Xilinx/Vivado/.Xil/Vivado-16040-DESKTOP-IMRPLSV/coregen/ddr3_mem/ddr3_mem/user_design/rtl/phy/mig_7series_v4_2_poc_tap_base.v'. Please regenerate to continue.
WARNING: [IP_Flow 19-3664] IP 'ddr3_mem' generated file not found 'e:AppData/Roaming/Xilinx/Vivado/.Xil/Vivado-16040-DESKTOP-IMRPLSV/coregen/ddr3_mem/ddr3_mem/user_design/rtl/phy/mig_7series_v4_2_poc_top.v'. Please regenerate to continue.
WARNING: [IP_Flow 19-3664] IP 'ddr3_mem' generated file not found 'e:AppData/Roaming/Xilinx/Vivado/.Xil/Vivado-16040-DESKTOP-IMRPLSV/coregen/ddr3_mem/ddr3_mem/user_design/rtl/ui/mig_7series_v4_2_ui_cmd.v'. Please regenerate to continue.
WARNING: [IP_Flow 19-3664] IP 'ddr3_mem' generated file not found 'e:AppData/Roaming/Xilinx/Vivado/.Xil/Vivado-16040-DESKTOP-IMRPLSV/coregen/ddr3_mem/ddr3_mem/user_design/rtl/ui/mig_7series_v4_2_ui_rd_data.v'. Please regenerate to continue.
WARNING: [IP_Flow 19-3664] IP 'ddr3_mem' generated file not found 'e:AppData/Roaming/Xilinx/Vivado/.Xil/Vivado-16040-DESKTOP-IMRPLSV/coregen/ddr3_mem/ddr3_mem/user_design/rtl/ui/mig_7series_v4_2_ui_top.v'. Please regenerate to continue.
WARNING: [IP_Flow 19-3664] IP 'ddr3_mem' generated file not found 'e:AppData/Roaming/Xilinx/Vivado/.Xil/Vivado-16040-DESKTOP-IMRPLSV/coregen/ddr3_mem/ddr3_mem/user_design/rtl/ui/mig_7series_v4_2_ui_wr_data.v'. Please regenerate to continue.
WARNING: [IP_Flow 19-3664] IP 'ddr3_mem' generated file not found 'e:AppData/Roaming/Xilinx/Vivado/.Xil/Vivado-16040-DESKTOP-IMRPLSV/coregen/ddr3_mem/ddr3_mem/user_design/constraints/ddr3_mem.xdc'. Please regenerate to continue.
WARNING: [IP_Flow 19-3664] IP 'ddr3_mem' generated file not found 'e:AppData/Roaming/Xilinx/Vivado/.Xil/Vivado-16040-DESKTOP-IMRPLSV/coregen/ddr3_mem/ddr3_mem/user_design/constraints/ddr3_mem_ooc.xdc'. Please regenerate to continue.
WARNING: [IP_Flow 19-3664] IP 'ddr3_mem' generated file not found 'e:AppData/Roaming/Xilinx/Vivado/.Xil/Vivado-16040-DESKTOP-IMRPLSV/coregen/ddr3_mem/ddr3_mem/user_design/rtl/ddr3_mem.v'. Please regenerate to continue.
WARNING: [IP_Flow 19-3664] IP 'ddr3_mem' generated file not found 'e:AppData/Roaming/Xilinx/Vivado/.Xil/Vivado-16040-DESKTOP-IMRPLSV/coregen/ddr3_mem/ddr3_mem/user_design/rtl/ddr3_mem_mig.v'. Please regenerate to continue.
WARNING: [IP_Flow 19-3664] IP 'ddr3_mem' generated file not found 'e:AppData/Roaming/Xilinx/Vivado/.Xil/Vivado-16040-DESKTOP-IMRPLSV/coregen/ddr3_mem/ddr3_mem/user_design/rtl/clocking/mig_7series_v4_2_clk_ibuf.v'. Please regenerate to continue.
WARNING: [IP_Flow 19-3664] IP 'ddr3_mem' generated file not found 'e:AppData/Roaming/Xilinx/Vivado/.Xil/Vivado-16040-DESKTOP-IMRPLSV/coregen/ddr3_mem/ddr3_mem/user_design/rtl/clocking/mig_7series_v4_2_infrastructure.v'. Please regenerate to continue.
WARNING: [IP_Flow 19-3664] IP 'ddr3_mem' generated file not found 'e:AppData/Roaming/Xilinx/Vivado/.Xil/Vivado-16040-DESKTOP-IMRPLSV/coregen/ddr3_mem/ddr3_mem/user_design/rtl/clocking/mig_7series_v4_2_iodelay_ctrl.v'. Please regenerate to continue.
WARNING: [IP_Flow 19-3664] IP 'ddr3_mem' generated file not found 'e:AppData/Roaming/Xilinx/Vivado/.Xil/Vivado-16040-DESKTOP-IMRPLSV/coregen/ddr3_mem/ddr3_mem/user_design/rtl/clocking/mig_7series_v4_2_tempmon.v'. Please regenerate to continue.
WARNING: [IP_Flow 19-3664] IP 'ddr3_mem' generated file not found 'e:AppData/Roaming/Xilinx/Vivado/.Xil/Vivado-16040-DESKTOP-IMRPLSV/coregen/ddr3_mem/ddr3_mem/user_design/rtl/controller/mig_7series_v4_2_arb_mux.v'. Please regenerate to continue.
WARNING: [IP_Flow 19-3664] IP 'ddr3_mem' generated file not found 'e:AppData/Roaming/Xilinx/Vivado/.Xil/Vivado-16040-DESKTOP-IMRPLSV/coregen/ddr3_mem/ddr3_mem/user_design/rtl/controller/mig_7series_v4_2_arb_row_col.v'. Please regenerate to continue.
WARNING: [IP_Flow 19-3664] IP 'ddr3_mem' generated file not found 'e:AppData/Roaming/Xilinx/Vivado/.Xil/Vivado-16040-DESKTOP-IMRPLSV/coregen/ddr3_mem/ddr3_mem/user_design/rtl/controller/mig_7series_v4_2_arb_select.v'. Please regenerate to continue.
WARNING: [IP_Flow 19-3664] IP 'ddr3_mem' generated file not found 'e:AppData/Roaming/Xilinx/Vivado/.Xil/Vivado-16040-DESKTOP-IMRPLSV/coregen/ddr3_mem/ddr3_mem/user_design/rtl/controller/mig_7series_v4_2_bank_cntrl.v'. Please regenerate to continue.
WARNING: [IP_Flow 19-3664] IP 'ddr3_mem' generated file not found 'e:AppData/Roaming/Xilinx/Vivado/.Xil/Vivado-16040-DESKTOP-IMRPLSV/coregen/ddr3_mem/ddr3_mem/user_design/rtl/controller/mig_7series_v4_2_bank_common.v'. Please regenerate to continue.
WARNING: [IP_Flow 19-3664] IP 'ddr3_mem' generated file not found 'e:AppData/Roaming/Xilinx/Vivado/.Xil/Vivado-16040-DESKTOP-IMRPLSV/coregen/ddr3_mem/ddr3_mem/user_design/rtl/controller/mig_7series_v4_2_bank_compare.v'. Please regenerate to continue.
WARNING: [IP_Flow 19-3664] IP 'ddr3_mem' generated file not found 'e:AppData/Roaming/Xilinx/Vivado/.Xil/Vivado-16040-DESKTOP-IMRPLSV/coregen/ddr3_mem/ddr3_mem/user_design/rtl/controller/mig_7series_v4_2_bank_mach.v'. Please regenerate to continue.
WARNING: [IP_Flow 19-3664] IP 'ddr3_mem' generated file not found 'e:AppData/Roaming/Xilinx/Vivado/.Xil/Vivado-16040-DESKTOP-IMRPLSV/coregen/ddr3_mem/ddr3_mem/user_design/rtl/controller/mig_7series_v4_2_bank_queue.v'. Please regenerate to continue.
WARNING: [IP_Flow 19-3664] IP 'ddr3_mem' generated file not found 'e:AppData/Roaming/Xilinx/Vivado/.Xil/Vivado-16040-DESKTOP-IMRPLSV/coregen/ddr3_mem/ddr3_mem/user_design/rtl/controller/mig_7series_v4_2_bank_state.v'. Please regenerate to continue.
WARNING: [IP_Flow 19-3664] IP 'ddr3_mem' generated file not found 'e:AppData/Roaming/Xilinx/Vivado/.Xil/Vivado-16040-DESKTOP-IMRPLSV/coregen/ddr3_mem/ddr3_mem/user_design/rtl/controller/mig_7series_v4_2_col_mach.v'. Please regenerate to continue.
WARNING: [IP_Flow 19-3664] IP 'ddr3_mem' generated file not found 'e:AppData/Roaming/Xilinx/Vivado/.Xil/Vivado-16040-DESKTOP-IMRPLSV/coregen/ddr3_mem/ddr3_mem/user_design/rtl/controller/mig_7series_v4_2_mc.v'. Please regenerate to continue.
WARNING: [IP_Flow 19-3664] IP 'ddr3_mem' generated file not found 'e:AppData/Roaming/Xilinx/Vivado/.Xil/Vivado-16040-DESKTOP-IMRPLSV/coregen/ddr3_mem/ddr3_mem/user_design/rtl/controller/mig_7series_v4_2_rank_cntrl.v'. Please regenerate to continue.
WARNING: [IP_Flow 19-3664] IP 'ddr3_mem' generated file not found 'e:AppData/Roaming/Xilinx/Vivado/.Xil/Vivado-16040-DESKTOP-IMRPLSV/coregen/ddr3_mem/ddr3_mem/user_design/rtl/controller/mig_7series_v4_2_rank_common.v'. Please regenerate to continue.
WARNING: [IP_Flow 19-3664] IP 'ddr3_mem' generated file not found 'e:AppData/Roaming/Xilinx/Vivado/.Xil/Vivado-16040-DESKTOP-IMRPLSV/coregen/ddr3_mem/ddr3_mem/user_design/rtl/controller/mig_7series_v4_2_rank_mach.v'. Please regenerate to continue.
WARNING: [IP_Flow 19-3664] IP 'ddr3_mem' generated file not found 'e:AppData/Roaming/Xilinx/Vivado/.Xil/Vivado-16040-DESKTOP-IMRPLSV/coregen/ddr3_mem/ddr3_mem/user_design/rtl/controller/mig_7series_v4_2_round_robin_arb.v'. Please regenerate to continue.
WARNING: [IP_Flow 19-3664] IP 'ddr3_mem' generated file not found 'e:AppData/Roaming/Xilinx/Vivado/.Xil/Vivado-16040-DESKTOP-IMRPLSV/coregen/ddr3_mem/ddr3_mem/user_design/rtl/ecc/mig_7series_v4_2_ecc_buf.v'. Please regenerate to continue.
WARNING: [IP_Flow 19-3664] IP 'ddr3_mem' generated file not found 'e:AppData/Roaming/Xilinx/Vivado/.Xil/Vivado-16040-DESKTOP-IMRPLSV/coregen/ddr3_mem/ddr3_mem/user_design/rtl/ecc/mig_7series_v4_2_ecc_dec_fix.v'. Please regenerate to continue.
WARNING: [IP_Flow 19-3664] IP 'ddr3_mem' generated file not found 'e:AppData/Roaming/Xilinx/Vivado/.Xil/Vivado-16040-DESKTOP-IMRPLSV/coregen/ddr3_mem/ddr3_mem/user_design/rtl/ecc/mig_7series_v4_2_ecc_gen.v'. Please regenerate to continue.
WARNING: [IP_Flow 19-3664] IP 'ddr3_mem' generated file not found 'e:AppData/Roaming/Xilinx/Vivado/.Xil/Vivado-16040-DESKTOP-IMRPLSV/coregen/ddr3_mem/ddr3_mem/user_design/rtl/ecc/mig_7series_v4_2_ecc_merge_enc.v'. Please regenerate to continue.
WARNING: [IP_Flow 19-3664] IP 'ddr3_mem' generated file not found 'e:AppData/Roaming/Xilinx/Vivado/.Xil/Vivado-16040-DESKTOP-IMRPLSV/coregen/ddr3_mem/ddr3_mem/user_design/rtl/ecc/mig_7series_v4_2_fi_xor.v'. Please regenerate to continue.
WARNING: [IP_Flow 19-3664] IP 'ddr3_mem' generated file not found 'e:AppData/Roaming/Xilinx/Vivado/.Xil/Vivado-16040-DESKTOP-IMRPLSV/coregen/ddr3_mem/ddr3_mem/user_design/rtl/ip_top/mig_7series_v4_2_memc_ui_top_std.v'. Please regenerate to continue.
WARNING: [IP_Flow 19-3664] IP 'ddr3_mem' generated file not found 'e:AppData/Roaming/Xilinx/Vivado/.Xil/Vivado-16040-DESKTOP-IMRPLSV/coregen/ddr3_mem/ddr3_mem/user_design/rtl/ip_top/mig_7series_v4_2_mem_intfc.v'. Please regenerate to continue.
WARNING: [IP_Flow 19-3664] IP 'ddr3_mem' generated file not found 'e:AppData/Roaming/Xilinx/Vivado/.Xil/Vivado-16040-DESKTOP-IMRPLSV/coregen/ddr3_mem/ddr3_mem/user_design/rtl/phy/mig_7series_v4_2_ddr_byte_group_io.v'. Please regenerate to continue.
WARNING: [IP_Flow 19-3664] IP 'ddr3_mem' generated file not found 'e:AppData/Roaming/Xilinx/Vivado/.Xil/Vivado-16040-DESKTOP-IMRPLSV/coregen/ddr3_mem/ddr3_mem/user_design/rtl/phy/mig_7series_v4_2_ddr_byte_lane.v'. Please regenerate to continue.
WARNING: [IP_Flow 19-3664] IP 'ddr3_mem' generated file not found 'e:AppData/Roaming/Xilinx/Vivado/.Xil/Vivado-16040-DESKTOP-IMRPLSV/coregen/ddr3_mem/ddr3_mem/user_design/rtl/phy/mig_7series_v4_2_ddr_calib_top.v'. Please regenerate to continue.
WARNING: [IP_Flow 19-3664] IP 'ddr3_mem' generated file not found 'e:AppData/Roaming/Xilinx/Vivado/.Xil/Vivado-16040-DESKTOP-IMRPLSV/coregen/ddr3_mem/ddr3_mem/user_design/rtl/phy/mig_7series_v4_2_ddr_if_post_fifo.v'. Please regenerate to continue.
INFO: [Common 17-14] Message 'IP_Flow 19-3664' appears 100 times and further instances of the messages will be disabled. Use the Tcl command set_msg_config to change the current settings.
open_project: Time (s): cpu = 00:00:49 ; elapsed = 00:00:18 . Memory (MB): peak = 1123.164 ; gain = 0.000
update_compile_order -fileset sources_1
exit
INFO: [Common 17-206] Exiting Vivado at Thu Jul  8 23:58:38 2021...
